0 info it worked if it ends with ok
1 verbose cli [ '/usr/local/bin/node',
1 verbose cli   '/usr/local/bin/npm',
1 verbose cli   'version',
1 verbose cli   'patch',
1 verbose cli   '--no-git' ]
2 info using npm@2.15.1
3 info using node@v4.4.4
4 info git [ 'status', '--porcelain' ]
5 info preversion ep_rss@0.0.2
6 verbose version.write data { name: 'ep_rss',
6 verbose version.write   description: 'Get an RSS feed of pad updates',
6 verbose version.write   version: '0.0.2',
6 verbose version.write   author:
6 verbose version.write    { name: 'John McLear',
6 verbose version.write      email: 'john@mclear.co.uk',
6 verbose version.write      url: 'http://mclear.co.uk' },
6 verbose version.write   contributors: [],
6 verbose version.write   peerDependencies: {},
6 verbose version.write   engines: { node: '>= 0.4.1' },
6 verbose version.write   repository: { type: 'git', url: 'https://github.com/JohnMcLear/ep_rss.git' } } to package.json
7 info version ep_rss@0.0.2
8 info git [ 'add', '/home/jose/ep_rss/package.json' ]
9 verbose stack Error: Command failed: false add /home/jose/ep_rss/package.json
9 verbose stack
9 verbose stack     at ChildProcess.exithandler (child_process.js:213:12)
9 verbose stack     at emitTwo (events.js:87:13)
9 verbose stack     at ChildProcess.emit (events.js:172:7)
9 verbose stack     at maybeClose (internal/child_process.js:827:16)
9 verbose stack     at Socket.<anonymous> (internal/child_process.js:319:11)
9 verbose stack     at emitOne (events.js:77:13)
9 verbose stack     at Socket.emit (events.js:169:7)
9 verbose stack     at Pipe._onclose (net.js:477:12)
10 verbose cwd /home/jose/ep_rss
11 error Linux 4.2.0-35-generic
12 error argv "/usr/local/bin/node" "/usr/local/bin/npm" "version" "patch" "--no-git"
13 error node v4.4.4
14 error npm  v2.15.1
15 error code 1
16 error Command failed: false add /home/jose/ep_rss/package.json
17 error If you need help, you may report this error at:
17 error     <https://github.com/npm/npm/issues>
18 verbose exit [ 1, true ]
